<?xml version="1.0" encoding="UTF-8"?>
<testng-results ignored="0" total="5" passed="4" failed="1" skipped="0">
  <reporter-output>
  </reporter-output>
  <suite started-at="2025-02-04T09:38:18 IST" name="Suite" finished-at="2025-02-04T09:39:14 IST" duration-ms="56345">
    <groups>
      <group name="purchase">
        <method signature="MainClass.SubmitOrder(java.util.HashMap)[pri:0, instance:MainFW.MainClass@376a0d86]" name="SubmitOrder" class="MainFW.MainClass"/>
      </group> <!-- purchase -->
      <group name="ErroHandling">
        <method signature="ErrorValidation.LoginErrorCheck()[pri:0, instance:MainFW.ErrorValidation@39d76cb5]" name="LoginErrorCheck" class="MainFW.ErrorValidation"/>
      </group> <!-- ErroHandling -->
    </groups>
    <test started-at="2025-02-04T09:38:18 IST" name="ErrorValidation" finished-at="2025-02-04T09:38:39 IST" duration-ms="21283">
      <class name="MainFW.ErrorValidation">
        <test-method is-config="true" signature="LaunchApp()[pri:0, instance:MainFW.ErrorValidation@39d76cb5]" started-at="2025-02-04T09:38:18 IST" name="LaunchApp" finished-at="2025-02-04T09:38:29 IST" duration-ms="10950" status="PASS">
          <reporter-output>
          </reporter-output>
        </test-method> <!-- LaunchApp -->
        <test-method signature="LoginErrorCheck()[pri:0, instance:MainFW.ErrorValidation@39d76cb5]" started-at="2025-02-04T09:38:29 IST" name="LoginErrorCheck" finished-at="2025-02-04T09:38:30 IST" duration-ms="1190" status="FAIL">
          <exception class="java.lang.AssertionError">
            <message>
              <![CDATA[expected [Incorrect email or password.] but found [Incorrect email  password.]]]>
            </message>
            <full-stacktrace>
              <![CDATA[java.lang.AssertionError: expected [Incorrect email or password.] but found [Incorrect email  password.]
at org.testng.Assert.fail(Assert.java:111)
at org.testng.Assert.failNotEquals(Assert.java:1578)
at org.testng.Assert.assertEqualsImpl(Assert.java:150)
at org.testng.Assert.assertEquals(Assert.java:132)
at org.testng.Assert.assertEquals(Assert.java:656)
at org.testng.Assert.assertEquals(Assert.java:666)
at MainFW.ErrorValidation.LoginErrorCheck(ErrorValidation.java:19)
at java.base/jdk.internal.reflect.DirectMethodHandleAccessor.invoke(DirectMethodHandleAccessor.java:103)
at java.base/java.lang.reflect.Method.invoke(Method.java:580)
at org.testng.internal.invokers.MethodInvocationHelper.invokeMethod(MethodInvocationHelper.java:141)
at org.testng.internal.invokers.TestInvoker.invokeMethod(TestInvoker.java:686)
at org.testng.internal.invokers.TestInvoker.invokeTestMethod(TestInvoker.java:230)
at org.testng.internal.invokers.MethodRunner.runInSequence(MethodRunner.java:63)
at org.testng.internal.invokers.TestInvoker$MethodInvocationAgent.invoke(TestInvoker.java:992)
at org.testng.internal.invokers.TestInvoker.invokeTestMethods(TestInvoker.java:203)
at org.testng.internal.invokers.TestMethodWorker.invokeTestMethods(TestMethodWorker.java:154)
at org.testng.internal.invokers.TestMethodWorker.run(TestMethodWorker.java:134)
at java.base/java.util.ArrayList.forEach(ArrayList.java:1597)
at org.testng.TestRunner.privateRun(TestRunner.java:739)
at org.testng.TestRunner.run(TestRunner.java:614)
at org.testng.SuiteRunner.runTest(SuiteRunner.java:421)
at org.testng.SuiteRunner$SuiteWorker.run(SuiteRunner.java:463)
at org.testng.internal.thread.ThreadUtil.lambda$execute$0(ThreadUtil.java:64)
at java.base/java.util.concurrent.FutureTask.run(FutureTask.java:317)
at java.base/java.util.concurrent.ThreadPoolExecutor.runWorker(ThreadPoolExecutor.java:1144)
at java.base/java.util.concurrent.ThreadPoolExecutor$Worker.run(ThreadPoolExecutor.java:642)
at java.base/java.lang.Thread.run(Thread.java:1575)
]]>
            </full-stacktrace>
          </exception> <!-- java.lang.AssertionError -->
          <reporter-output>
          </reporter-output>
        </test-method> <!-- LoginErrorCheck -->
        <test-method is-config="true" signature="tearDown()[pri:0, instance:MainFW.ErrorValidation@39d76cb5]" started-at="2025-02-04T09:38:30 IST" name="tearDown" finished-at="2025-02-04T09:38:31 IST" duration-ms="152" status="PASS">
          <reporter-output>
          </reporter-output>
        </test-method> <!-- tearDown -->
        <test-method is-config="true" signature="LaunchApp()[pri:0, instance:MainFW.ErrorValidation@39d76cb5]" started-at="2025-02-04T09:38:31 IST" name="LaunchApp" finished-at="2025-02-04T09:38:32 IST" duration-ms="1519" status="PASS">
          <reporter-output>
          </reporter-output>
        </test-method> <!-- LaunchApp -->
        <test-method signature="ProductValidation()[pri:0, instance:MainFW.ErrorValidation@39d76cb5]" started-at="2025-02-04T09:38:32 IST" name="ProductValidation" finished-at="2025-02-04T09:38:39 IST" duration-ms="7007" status="PASS">
          <reporter-output>
          </reporter-output>
        </test-method> <!-- ProductValidation -->
        <test-method is-config="true" signature="tearDown()[pri:0, instance:MainFW.ErrorValidation@39d76cb5]" started-at="2025-02-04T09:38:39 IST" name="tearDown" finished-at="2025-02-04T09:38:39 IST" duration-ms="74" status="PASS">
          <reporter-output>
          </reporter-output>
        </test-method> <!-- tearDown -->
      </class> <!-- MainFW.ErrorValidation -->
    </test> <!-- ErrorValidation -->
    <test started-at="2025-02-04T09:38:18 IST" name="SubmitOrder" finished-at="2025-02-04T09:39:14 IST" duration-ms="56345">
      <class name="MainFW.MainClass">
        <test-method is-config="true" signature="LaunchApp()[pri:0, instance:MainFW.MainClass@376a0d86]" started-at="2025-02-04T09:38:18 IST" name="LaunchApp" finished-at="2025-02-04T09:38:35 IST" duration-ms="16927" status="PASS">
          <reporter-output>
          </reporter-output>
        </test-method> <!-- LaunchApp -->
        <test-method signature="SubmitOrder(java.util.HashMap)[pri:0, instance:MainFW.MainClass@376a0d86]" started-at="2025-02-04T09:38:35 IST" name="SubmitOrder" data-provider="getData" finished-at="2025-02-04T09:38:51 IST" duration-ms="15882" status="PASS">
          <params>
            <param index="0">
              <value>
                <![CDATA[{Product=BANARSI SAREE, Email=Deshmukh@yopmail.com, Password=Deshmukh@123}]]>
              </value>
            </param>
          </params>
          <reporter-output>
          </reporter-output>
        </test-method> <!-- SubmitOrder -->
        <test-method is-config="true" signature="tearDown()[pri:0, instance:MainFW.MainClass@376a0d86]" started-at="2025-02-04T09:38:51 IST" name="tearDown" finished-at="2025-02-04T09:38:51 IST" duration-ms="133" status="PASS">
          <reporter-output>
          </reporter-output>
        </test-method> <!-- tearDown -->
        <test-method is-config="true" signature="LaunchApp()[pri:0, instance:MainFW.MainClass@376a0d86]" started-at="2025-02-04T09:38:51 IST" name="LaunchApp" finished-at="2025-02-04T09:38:54 IST" duration-ms="3251" status="PASS">
          <reporter-output>
          </reporter-output>
        </test-method> <!-- LaunchApp -->
        <test-method signature="SubmitOrder(java.util.HashMap)[pri:0, instance:MainFW.MainClass@376a0d86]" started-at="2025-02-04T09:38:54 IST" name="SubmitOrder" data-provider="getData" finished-at="2025-02-04T09:39:10 IST" duration-ms="15157" status="PASS">
          <params>
            <param index="0">
              <value>
                <![CDATA[{Product=IPHONE 13 PRO, Email=Shivam@yopmail.com, Password=Shivam@123}]]>
              </value>
            </param>
          </params>
          <reporter-output>
          </reporter-output>
        </test-method> <!-- SubmitOrder -->
        <test-method is-config="true" signature="tearDown()[pri:0, instance:MainFW.MainClass@376a0d86]" started-at="2025-02-04T09:39:10 IST" name="tearDown" finished-at="2025-02-04T09:39:10 IST" duration-ms="77" status="PASS">
          <reporter-output>
          </reporter-output>
        </test-method> <!-- tearDown -->
        <test-method is-config="true" signature="LaunchApp()[pri:0, instance:MainFW.MainClass@376a0d86]" started-at="2025-02-04T09:39:10 IST" name="LaunchApp" finished-at="2025-02-04T09:39:13 IST" duration-ms="3588" status="PASS">
          <reporter-output>
          </reporter-output>
        </test-method> <!-- LaunchApp -->
        <test-method signature="checkOrder()[pri:0, instance:MainFW.MainClass@376a0d86]" started-at="2025-02-04T09:39:13 IST" name="checkOrder" finished-at="2025-02-04T09:39:14 IST" depends-on-methods="MainFW.MainClass.SubmitOrder" duration-ms="1016" status="PASS">
          <reporter-output>
          </reporter-output>
        </test-method> <!-- checkOrder -->
        <test-method is-config="true" signature="tearDown()[pri:0, instance:MainFW.MainClass@376a0d86]" started-at="2025-02-04T09:39:14 IST" name="tearDown" finished-at="2025-02-04T09:39:14 IST" duration-ms="87" status="PASS">
          <reporter-output>
          </reporter-output>
        </test-method> <!-- tearDown -->
      </class> <!-- MainFW.MainClass -->
    </test> <!-- SubmitOrder -->
  </suite> <!-- Suite -->
</testng-results>
